{
  "stats": {
    "suites": 1,
    "tests": 1,
    "passes": 1,
    "pending": 0,
    "failures": 0,
    "start": "2023-05-03T06:50:40.718Z",
    "end": "2023-05-03T06:50:40.795Z",
    "duration": 77,
    "testsRegistered": 1,
    "passPercent": 100,
    "pendingPercent": 0,
    "other": 0,
    "hasOther": false,
    "skipped": 0,
    "hasSkipped": false
  },
  "results": [
    {
      "uuid": "ec5c46ab-b19c-4d37-b7ad-c71b53cb42a2",
      "title": "",
      "fullFile": "",
      "file": "",
      "beforeHooks": [],
      "afterHooks": [],
      "tests": [],
      "suites": [
        {
          "uuid": "60431321-c546-4fe6-9598-1b74afaeab06",
          "title": "GET /user/:userId",
          "fullFile": "D:\\Newton\\Route Parameters\\Route_Parameters_User\\__tests__\\test.js",
          "file": "\\__tests__\\test.js",
          "beforeHooks": [],
          "afterHooks": [],
          "tests": [
            {
              "title": "responds with JSON for userId parameter ",
              "fullTitle": "GET /user/:userId responds with JSON for userId parameter ",
              "timedOut": false,
              "duration": 62,
              "state": "passed",
              "speed": "medium",
              "pass": true,
              "fail": false,
              "pending": false,
              "context": null,
              "code": "request(app)\n  .get('/user/42')\n  .set('Accept', 'application/json')\n  .expect('Content-Type', /json/)\n  .expect(200)\n  .end(function (err, res) {\n    if (err) return done(err);\n    expect(res.body).to.deep.equal({ userId: '42' });\n    done();\n  });",
              "err": {},
              "uuid": "861ede24-a7e6-487c-bf13-947f4f864e38",
              "parentUUID": "60431321-c546-4fe6-9598-1b74afaeab06",
              "isHook": false,
              "skipped": false
            }
          ],
          "suites": [],
          "passes": [
            "861ede24-a7e6-487c-bf13-947f4f864e38"
          ],
          "failures": [],
          "pending": [],
          "skipped": [],
          "duration": 62,
          "root": false,
          "rootEmpty": false,
          "_timeout": 60000
        }
      ],
      "passes": [],
      "failures": [],
      "pending": [],
      "skipped": [],
      "duration": 0,
      "root": true,
      "rootEmpty": true,
      "_timeout": 60000
    }
  ],
  "meta": {
    "mocha": {
      "version": "8.2.1"
    },
    "mochawesome": {
      "options": {
        "quiet": false,
        "reportFilename": "mochawesome",
        "saveHtml": true,
        "saveJson": true,
        "consoleReporter": "spec",
        "useInlineDiffs": false,
        "code": true
      },
      "version": "6.2.1"
    },
    "marge": {
      "options": null,
      "version": "5.1.0"
    }
  }
}